Build started 1/29/2016 10:14:32 AM.
     1>Project "C:\github\makerhub\LinxDeviceLibWin\LinxDeviceLibWin\LinxDeviceLibWin.vcxproj" on node 2 (Build target(s)).
     1>ClCompile:
         C:\Program Files (x86)\Microsoft Visual Studio 14.0\VC\bin\CL.exe /c /Zi /nologo /W3 /WX- /sdl /O2 /Oi /Oy- /GL /D WIN32 /D NDEBUG /D _WINDOWS /D _USRDLL /D LINXDEVICELIBWIN_EXPORTS /D _WINDLL /D _UNICODE /D UNICODE /Gm- /EHsc /MT /GS /Gy /fp:precise /Zc:wchar_t /Zc:forScope /Zc:inline /Yc"stdafx.h" /Fp"Release\LinxDeviceLibWin.pch" /Fo"Release\\" /Fd"Release\vc140.pdb" /Gd /TP /analyze- /errorReport:prompt stdafx.cpp
         stdafx.cpp
         C:\Program Files (x86)\Microsoft Visual Studio 14.0\VC\bin\CL.exe /c /Zi /nologo /W3 /WX- /sdl /O2 /Oi /Oy- /GL /D WIN32 /D NDEBUG /D _WINDOWS /D _USRDLL /D LINXDEVICELIBWIN_EXPORTS /D _WINDLL /D _UNICODE /D UNICODE /Gm- /EHsc /MT /GS /Gy /fp:precise /Zc:wchar_t /Zc:forScope /Zc:inline /Fo"Release\\" /Fd"Release\vc140.pdb" /Gd /TP /analyze- /errorReport:prompt dllmain.cpp
         dllmain.cpp
         C:\Program Files (x86)\Microsoft Visual Studio 14.0\VC\bin\CL.exe /c /Zi /nologo /W3 /WX- /sdl /O2 /Oi /Oy- /GL /D WIN32 /D NDEBUG /D _WINDOWS /D _USRDLL /D LINXDEVICELIBWIN_EXPORTS /D _WINDLL /D _UNICODE /D UNICODE /Gm- /EHsc /MT /GS /Gy /fp:precise /Zc:wchar_t /Zc:forScope /Zc:inline /Fo"Release\\" /Fd"Release\vc140.pdb" /Gd /TP /analyze- /errorReport:prompt LinxDeviceLibWin.cpp
         LinxDeviceLibWin.cpp
       Link:
         C:\Program Files (x86)\Microsoft Visual Studio 14.0\VC\bin\link.exe /ERRORREPORT:PROMPT /OUT:"C:\github\makerhub\LinxDeviceLibWin\Release\LinxDeviceLibWin.dll" /INCREMENTAL:NO /NOLOGO kernel32.lib user32.lib gdi32.lib winspool.lib comdlg32.lib advapi32.lib shell32.lib ole32.lib oleaut32.lib uuid.lib odbc32.lib odbccp32.lib /MANIFEST /MANIFESTUAC:"level='asInvoker' uiAccess='false'" /manifest:embed /Debug /PDB:"C:\github\makerhub\LinxDeviceLibWin\Release\LinxDeviceLibWin.pdb" /SUBSYSTEM:WINDOWS /OPT:REF /OPT:ICF /LTCG:incremental /TLBID:1 /DYNAMICBASE /NXCOMPAT /IMPLIB:"C:\github\makerhub\LinxDeviceLibWin\Release\LinxDeviceLibWin.lib" /MACHINE:X86 /SAFESEH /DLL Release\dllmain.obj
         Release\LinxDeviceLibWin.obj
         Release\stdafx.obj
         Generating code
         All 1 functions were compiled because no usable IPDB/IOBJ from previous compilation was found.
         Finished generating code
         LinxDeviceLibWin.vcxproj -> C:\github\makerhub\LinxDeviceLibWin\Release\LinxDeviceLibWin.dll
     1>Done Building Project "C:\github\makerhub\LinxDeviceLibWin\LinxDeviceLibWin\LinxDeviceLibWin.vcxproj" (Build target(s)).

Build succeeded.

Time Elapsed 00:00:02.35
